2014-11-14 23:52:17  INFO [ContextLoader.java:285] org.springframework.web.context.ContextLoader.initWebApplicationContext() - Root WebApplicationContext: initialization started
2014-11-14 23:52:17  INFO [AbstractApplicationContext.java:510] org.springframework.web.context.support.XmlWebApplicationContext.prepareRefresh() - Refreshing Root WebApplicationContext: startup date [Fri Nov 14 23:52:17 GMT+08:00 2014]; root of context hierarchy
2014-11-14 23:52:17  INFO [XmlBeanDefinitionReader.java:317] org.springframework.beans.factory.xml.XmlBeanDefinitionReader.loadBeanDefinitions() - Loading XML bean definitions from class path resource [applicationContext.xml]
2014-11-14 23:52:17  INFO [ContextLoader.java:325] org.springframework.web.context.ContextLoader.initWebApplicationContext() - Root WebApplicationContext: initialization completed in 191 ms
2014-11-14 23:52:17  INFO [FrameworkServlet.java:484] org.springframework.web.servlet.DispatcherServlet.initServletBean() - FrameworkServlet 'spring-mvc': initialization started
2014-11-14 23:52:17  INFO [AbstractApplicationContext.java:510] org.springframework.web.context.support.XmlWebApplicationContext.prepareRefresh() - Refreshing WebApplicationContext for namespace 'spring-mvc-servlet': startup date [Fri Nov 14 23:52:17 GMT+08:00 2014]; parent: Root WebApplicationContext
2014-11-14 23:52:17  INFO [XmlBeanDefinitionReader.java:317] org.springframework.beans.factory.xml.XmlBeanDefinitionReader.loadBeanDefinitions() - Loading XML bean definitions from URL [file:/D:/javaworkspace/fans/target/classes/spring-mvc.xml]
2014-11-14 23:52:17  INFO [AbstractHandlerMethodMapping.java:220] org.springframework.web.servlet.mvc.method.annotation.RequestMappingHandlerMapping.registerHandlerMethod() - Mapped "{[/test],methods=[],params=[],headers=[],consumes=[],produces=[],custom=[]}" onto public java.lang.String com.hyxt.fans.controller.TestController.test(org.springframework.ui.Model)
2014-11-14 23:52:17  INFO [RequestMappingHandlerAdapter.java:523] org.springframework.web.servlet.mvc.method.annotation.RequestMappingHandlerAdapter.initControllerAdviceCache() - Looking for @ControllerAdvice: WebApplicationContext for namespace 'spring-mvc-servlet': startup date [Fri Nov 14 23:52:17 GMT+08:00 2014]; parent: Root WebApplicationContext
2014-11-14 23:52:17  INFO [RequestMappingHandlerAdapter.java:523] org.springframework.web.servlet.mvc.method.annotation.RequestMappingHandlerAdapter.initControllerAdviceCache() - Looking for @ControllerAdvice: WebApplicationContext for namespace 'spring-mvc-servlet': startup date [Fri Nov 14 23:52:17 GMT+08:00 2014]; parent: Root WebApplicationContext
2014-11-14 23:52:17  INFO [AbstractUrlHandlerMapping.java:314] org.springframework.web.servlet.handler.SimpleUrlHandlerMapping.registerHandler() - Mapped URL path [/statics/**] onto handler 'org.springframework.web.servlet.resource.ResourceHttpRequestHandler#0'
2014-11-14 23:52:17  INFO [AbstractUrlHandlerMapping.java:314] org.springframework.web.servlet.mvc.annotation.DefaultAnnotationHandlerMapping.registerHandler() - Mapped URL path [/test] onto handler 'testController'
2014-11-14 23:52:17  INFO [AbstractUrlHandlerMapping.java:314] org.springframework.web.servlet.mvc.annotation.DefaultAnnotationHandlerMapping.registerHandler() - Mapped URL path [/test.*] onto handler 'testController'
2014-11-14 23:52:17  INFO [AbstractUrlHandlerMapping.java:314] org.springframework.web.servlet.mvc.annotation.DefaultAnnotationHandlerMapping.registerHandler() - Mapped URL path [/test/] onto handler 'testController'
2014-11-14 23:52:17  INFO [FrameworkServlet.java:503] org.springframework.web.servlet.DispatcherServlet.initServletBean() - FrameworkServlet 'spring-mvc': initialization completed in 587 ms
2014-11-14 23:54:07  INFO [ContextLoader.java:285] org.springframework.web.context.ContextLoader.initWebApplicationContext() - Root WebApplicationContext: initialization started
2014-11-14 23:54:07  INFO [AbstractApplicationContext.java:510] org.springframework.web.context.support.XmlWebApplicationContext.prepareRefresh() - Refreshing Root WebApplicationContext: startup date [Fri Nov 14 23:54:07 GMT+08:00 2014]; root of context hierarchy
2014-11-14 23:54:07  INFO [XmlBeanDefinitionReader.java:317] org.springframework.beans.factory.xml.XmlBeanDefinitionReader.loadBeanDefinitions() - Loading XML bean definitions from class path resource [applicationContext.xml]
2014-11-14 23:54:07  INFO [ContextLoader.java:325] org.springframework.web.context.ContextLoader.initWebApplicationContext() - Root WebApplicationContext: initialization completed in 273 ms
2014-11-14 23:54:07  INFO [FrameworkServlet.java:484] org.springframework.web.servlet.DispatcherServlet.initServletBean() - FrameworkServlet 'spring-mvc': initialization started
2014-11-14 23:54:07  INFO [AbstractApplicationContext.java:510] org.springframework.web.context.support.XmlWebApplicationContext.prepareRefresh() - Refreshing WebApplicationContext for namespace 'spring-mvc-servlet': startup date [Fri Nov 14 23:54:07 GMT+08:00 2014]; parent: Root WebApplicationContext
2014-11-14 23:54:07  INFO [XmlBeanDefinitionReader.java:317] org.springframework.beans.factory.xml.XmlBeanDefinitionReader.loadBeanDefinitions() - Loading XML bean definitions from URL [file:/D:/javaworkspace/fans/target/classes/spring-mvc.xml]
2014-11-14 23:54:07  INFO [AbstractHandlerMethodMapping.java:220] org.springframework.web.servlet.mvc.method.annotation.RequestMappingHandlerMapping.registerHandlerMethod() - Mapped "{[/test],methods=[],params=[],headers=[],consumes=[],produces=[],custom=[]}" onto public java.lang.String com.hyxt.fans.controller.TestController.test(org.springframework.ui.Model)
2014-11-14 23:54:07  INFO [RequestMappingHandlerAdapter.java:523] org.springframework.web.servlet.mvc.method.annotation.RequestMappingHandlerAdapter.initControllerAdviceCache() - Looking for @ControllerAdvice: WebApplicationContext for namespace 'spring-mvc-servlet': startup date [Fri Nov 14 23:54:07 GMT+08:00 2014]; parent: Root WebApplicationContext
2014-11-14 23:54:07  INFO [RequestMappingHandlerAdapter.java:523] org.springframework.web.servlet.mvc.method.annotation.RequestMappingHandlerAdapter.initControllerAdviceCache() - Looking for @ControllerAdvice: WebApplicationContext for namespace 'spring-mvc-servlet': startup date [Fri Nov 14 23:54:07 GMT+08:00 2014]; parent: Root WebApplicationContext
2014-11-14 23:54:07  INFO [AbstractUrlHandlerMapping.java:314] org.springframework.web.servlet.handler.SimpleUrlHandlerMapping.registerHandler() - Mapped URL path [/statics/**] onto handler 'org.springframework.web.servlet.resource.ResourceHttpRequestHandler#0'
2014-11-14 23:54:07  INFO [AbstractUrlHandlerMapping.java:314] org.springframework.web.servlet.mvc.annotation.DefaultAnnotationHandlerMapping.registerHandler() - Mapped URL path [/test] onto handler 'testController'
2014-11-14 23:54:07  INFO [AbstractUrlHandlerMapping.java:314] org.springframework.web.servlet.mvc.annotation.DefaultAnnotationHandlerMapping.registerHandler() - Mapped URL path [/test.*] onto handler 'testController'
2014-11-14 23:54:07  INFO [AbstractUrlHandlerMapping.java:314] org.springframework.web.servlet.mvc.annotation.DefaultAnnotationHandlerMapping.registerHandler() - Mapped URL path [/test/] onto handler 'testController'
2014-11-14 23:54:08  INFO [FrameworkServlet.java:503] org.springframework.web.servlet.DispatcherServlet.initServletBean() - FrameworkServlet 'spring-mvc': initialization completed in 762 ms
2014-11-14 23:54:33  INFO [ContextLoader.java:285] org.springframework.web.context.ContextLoader.initWebApplicationContext() - Root WebApplicationContext: initialization started
2014-11-14 23:54:34  INFO [AbstractApplicationContext.java:510] org.springframework.web.context.support.XmlWebApplicationContext.prepareRefresh() - Refreshing Root WebApplicationContext: startup date [Fri Nov 14 23:54:34 GMT+08:00 2014]; root of context hierarchy
2014-11-14 23:54:34  INFO [XmlBeanDefinitionReader.java:317] org.springframework.beans.factory.xml.XmlBeanDefinitionReader.loadBeanDefinitions() - Loading XML bean definitions from class path resource [applicationContext.xml]
2014-11-14 23:54:34  INFO [ContextLoader.java:325] org.springframework.web.context.ContextLoader.initWebApplicationContext() - Root WebApplicationContext: initialization completed in 267 ms
2014-11-14 23:54:34  INFO [FrameworkServlet.java:484] org.springframework.web.servlet.DispatcherServlet.initServletBean() - FrameworkServlet 'spring-mvc': initialization started
2014-11-14 23:54:34  INFO [AbstractApplicationContext.java:510] org.springframework.web.context.support.XmlWebApplicationContext.prepareRefresh() - Refreshing WebApplicationContext for namespace 'spring-mvc-servlet': startup date [Fri Nov 14 23:54:34 GMT+08:00 2014]; parent: Root WebApplicationContext
2014-11-14 23:54:34  INFO [XmlBeanDefinitionReader.java:317] org.springframework.beans.factory.xml.XmlBeanDefinitionReader.loadBeanDefinitions() - Loading XML bean definitions from URL [file:/D:/javaworkspace/fans/target/classes/spring-mvc.xml]
2014-11-14 23:54:34  INFO [AbstractHandlerMethodMapping.java:220] org.springframework.web.servlet.mvc.method.annotation.RequestMappingHandlerMapping.registerHandlerMethod() - Mapped "{[/test],methods=[],params=[],headers=[],consumes=[],produces=[],custom=[]}" onto public java.lang.String com.hyxt.fans.controller.TestController.test(org.springframework.ui.Model)
2014-11-14 23:54:34  INFO [RequestMappingHandlerAdapter.java:523] org.springframework.web.servlet.mvc.method.annotation.RequestMappingHandlerAdapter.initControllerAdviceCache() - Looking for @ControllerAdvice: WebApplicationContext for namespace 'spring-mvc-servlet': startup date [Fri Nov 14 23:54:34 GMT+08:00 2014]; parent: Root WebApplicationContext
2014-11-14 23:54:34  INFO [RequestMappingHandlerAdapter.java:523] org.springframework.web.servlet.mvc.method.annotation.RequestMappingHandlerAdapter.initControllerAdviceCache() - Looking for @ControllerAdvice: WebApplicationContext for namespace 'spring-mvc-servlet': startup date [Fri Nov 14 23:54:34 GMT+08:00 2014]; parent: Root WebApplicationContext
2014-11-14 23:54:34  INFO [AbstractUrlHandlerMapping.java:314] org.springframework.web.servlet.handler.SimpleUrlHandlerMapping.registerHandler() - Mapped URL path [/statics/**] onto handler 'org.springframework.web.servlet.resource.ResourceHttpRequestHandler#0'
2014-11-14 23:54:34  INFO [AbstractUrlHandlerMapping.java:314] org.springframework.web.servlet.mvc.annotation.DefaultAnnotationHandlerMapping.registerHandler() - Mapped URL path [/test] onto handler 'testController'
2014-11-14 23:54:34  INFO [AbstractUrlHandlerMapping.java:314] org.springframework.web.servlet.mvc.annotation.DefaultAnnotationHandlerMapping.registerHandler() - Mapped URL path [/test.*] onto handler 'testController'
2014-11-14 23:54:34  INFO [AbstractUrlHandlerMapping.java:314] org.springframework.web.servlet.mvc.annotation.DefaultAnnotationHandlerMapping.registerHandler() - Mapped URL path [/test/] onto handler 'testController'
2014-11-14 23:54:35  INFO [FrameworkServlet.java:503] org.springframework.web.servlet.DispatcherServlet.initServletBean() - FrameworkServlet 'spring-mvc': initialization completed in 737 ms
2014-11-14 23:55:30  INFO [ContextLoader.java:285] org.springframework.web.context.ContextLoader.initWebApplicationContext() - Root WebApplicationContext: initialization started
2014-11-14 23:55:30  INFO [AbstractApplicationContext.java:510] org.springframework.web.context.support.XmlWebApplicationContext.prepareRefresh() - Refreshing Root WebApplicationContext: startup date [Fri Nov 14 23:55:30 GMT+08:00 2014]; root of context hierarchy
2014-11-14 23:55:30  INFO [XmlBeanDefinitionReader.java:317] org.springframework.beans.factory.xml.XmlBeanDefinitionReader.loadBeanDefinitions() - Loading XML bean definitions from class path resource [applicationContext.xml]
2014-11-14 23:55:30  INFO [ContextLoader.java:325] org.springframework.web.context.ContextLoader.initWebApplicationContext() - Root WebApplicationContext: initialization completed in 279 ms
2014-11-14 23:55:30  INFO [FrameworkServlet.java:484] org.springframework.web.servlet.DispatcherServlet.initServletBean() - FrameworkServlet 'spring-mvc': initialization started
2014-11-14 23:55:30  INFO [AbstractApplicationContext.java:510] org.springframework.web.context.support.XmlWebApplicationContext.prepareRefresh() - Refreshing WebApplicationContext for namespace 'spring-mvc-servlet': startup date [Fri Nov 14 23:55:30 GMT+08:00 2014]; parent: Root WebApplicationContext
2014-11-14 23:55:30  INFO [XmlBeanDefinitionReader.java:317] org.springframework.beans.factory.xml.XmlBeanDefinitionReader.loadBeanDefinitions() - Loading XML bean definitions from URL [file:/D:/javaworkspace/fans/target/classes/spring-mvc.xml]
2014-11-14 23:55:30  INFO [AbstractHandlerMethodMapping.java:220] org.springframework.web.servlet.mvc.method.annotation.RequestMappingHandlerMapping.registerHandlerMethod() - Mapped "{[/test],methods=[],params=[],headers=[],consumes=[],produces=[],custom=[]}" onto public java.lang.String com.hyxt.fans.controller.TestController.test(org.springframework.ui.Model)
2014-11-14 23:55:31  INFO [RequestMappingHandlerAdapter.java:523] org.springframework.web.servlet.mvc.method.annotation.RequestMappingHandlerAdapter.initControllerAdviceCache() - Looking for @ControllerAdvice: WebApplicationContext for namespace 'spring-mvc-servlet': startup date [Fri Nov 14 23:55:30 GMT+08:00 2014]; parent: Root WebApplicationContext
2014-11-14 23:55:31  INFO [RequestMappingHandlerAdapter.java:523] org.springframework.web.servlet.mvc.method.annotation.RequestMappingHandlerAdapter.initControllerAdviceCache() - Looking for @ControllerAdvice: WebApplicationContext for namespace 'spring-mvc-servlet': startup date [Fri Nov 14 23:55:30 GMT+08:00 2014]; parent: Root WebApplicationContext
2014-11-14 23:55:31  INFO [AbstractUrlHandlerMapping.java:314] org.springframework.web.servlet.handler.SimpleUrlHandlerMapping.registerHandler() - Mapped URL path [/statics/**] onto handler 'org.springframework.web.servlet.resource.ResourceHttpRequestHandler#0'
2014-11-14 23:55:31  INFO [AbstractUrlHandlerMapping.java:314] org.springframework.web.servlet.mvc.annotation.DefaultAnnotationHandlerMapping.registerHandler() - Mapped URL path [/test] onto handler 'testController'
2014-11-14 23:55:31  INFO [AbstractUrlHandlerMapping.java:314] org.springframework.web.servlet.mvc.annotation.DefaultAnnotationHandlerMapping.registerHandler() - Mapped URL path [/test.*] onto handler 'testController'
2014-11-14 23:55:31  INFO [AbstractUrlHandlerMapping.java:314] org.springframework.web.servlet.mvc.annotation.DefaultAnnotationHandlerMapping.registerHandler() - Mapped URL path [/test/] onto handler 'testController'
2014-11-14 23:55:31  INFO [FrameworkServlet.java:503] org.springframework.web.servlet.DispatcherServlet.initServletBean() - FrameworkServlet 'spring-mvc': initialization completed in 772 ms
2014-11-14 23:56:01  INFO [ContextLoader.java:285] org.springframework.web.context.ContextLoader.initWebApplicationContext() - Root WebApplicationContext: initialization started
2014-11-14 23:56:01  INFO [AbstractApplicationContext.java:510] org.springframework.web.context.support.XmlWebApplicationContext.prepareRefresh() - Refreshing Root WebApplicationContext: startup date [Fri Nov 14 23:56:01 GMT+08:00 2014]; root of context hierarchy
2014-11-14 23:56:01  INFO [XmlBeanDefinitionReader.java:317] org.springframework.beans.factory.xml.XmlBeanDefinitionReader.loadBeanDefinitions() - Loading XML bean definitions from class path resource [applicationContext.xml]
2014-11-14 23:56:01  INFO [ContextLoader.java:325] org.springframework.web.context.ContextLoader.initWebApplicationContext() - Root WebApplicationContext: initialization completed in 271 ms
2014-11-14 23:56:01  INFO [FrameworkServlet.java:484] org.springframework.web.servlet.DispatcherServlet.initServletBean() - FrameworkServlet 'spring-mvc': initialization started
2014-11-14 23:56:01  INFO [AbstractApplicationContext.java:510] org.springframework.web.context.support.XmlWebApplicationContext.prepareRefresh() - Refreshing WebApplicationContext for namespace 'spring-mvc-servlet': startup date [Fri Nov 14 23:56:01 GMT+08:00 2014]; parent: Root WebApplicationContext
2014-11-14 23:56:01  INFO [XmlBeanDefinitionReader.java:317] org.springframework.beans.factory.xml.XmlBeanDefinitionReader.loadBeanDefinitions() - Loading XML bean definitions from URL [file:/D:/javaworkspace/fans/target/classes/spring-mvc.xml]
2014-11-14 23:56:02  INFO [AbstractHandlerMethodMapping.java:220] org.springframework.web.servlet.mvc.method.annotation.RequestMappingHandlerMapping.registerHandlerMethod() - Mapped "{[/test],methods=[],params=[],headers=[],consumes=[],produces=[],custom=[]}" onto public java.lang.String com.hyxt.fans.controller.TestController.test(org.springframework.ui.Model)
2014-11-14 23:56:02  INFO [RequestMappingHandlerAdapter.java:523] org.springframework.web.servlet.mvc.method.annotation.RequestMappingHandlerAdapter.initControllerAdviceCache() - Looking for @ControllerAdvice: WebApplicationContext for namespace 'spring-mvc-servlet': startup date [Fri Nov 14 23:56:01 GMT+08:00 2014]; parent: Root WebApplicationContext
2014-11-14 23:56:02  INFO [RequestMappingHandlerAdapter.java:523] org.springframework.web.servlet.mvc.method.annotation.RequestMappingHandlerAdapter.initControllerAdviceCache() - Looking for @ControllerAdvice: WebApplicationContext for namespace 'spring-mvc-servlet': startup date [Fri Nov 14 23:56:01 GMT+08:00 2014]; parent: Root WebApplicationContext
2014-11-14 23:56:02  INFO [AbstractUrlHandlerMapping.java:314] org.springframework.web.servlet.handler.SimpleUrlHandlerMapping.registerHandler() - Mapped URL path [/statics/**] onto handler 'org.springframework.web.servlet.resource.ResourceHttpRequestHandler#0'
2014-11-14 23:56:02  INFO [AbstractUrlHandlerMapping.java:314] org.springframework.web.servlet.mvc.annotation.DefaultAnnotationHandlerMapping.registerHandler() - Mapped URL path [/test] onto handler 'testController'
2014-11-14 23:56:02  INFO [AbstractUrlHandlerMapping.java:314] org.springframework.web.servlet.mvc.annotation.DefaultAnnotationHandlerMapping.registerHandler() - Mapped URL path [/test.*] onto handler 'testController'
2014-11-14 23:56:02  INFO [AbstractUrlHandlerMapping.java:314] org.springframework.web.servlet.mvc.annotation.DefaultAnnotationHandlerMapping.registerHandler() - Mapped URL path [/test/] onto handler 'testController'
2014-11-14 23:56:02  INFO [FrameworkServlet.java:503] org.springframework.web.servlet.DispatcherServlet.initServletBean() - FrameworkServlet 'spring-mvc': initialization completed in 748 ms
2014-11-14 23:56:29  INFO [ContextLoader.java:285] org.springframework.web.context.ContextLoader.initWebApplicationContext() - Root WebApplicationContext: initialization started
2014-11-14 23:56:29  INFO [AbstractApplicationContext.java:510] org.springframework.web.context.support.XmlWebApplicationContext.prepareRefresh() - Refreshing Root WebApplicationContext: startup date [Fri Nov 14 23:56:29 GMT+08:00 2014]; root of context hierarchy
2014-11-14 23:56:29  INFO [XmlBeanDefinitionReader.java:317] org.springframework.beans.factory.xml.XmlBeanDefinitionReader.loadBeanDefinitions() - Loading XML bean definitions from class path resource [applicationContext.xml]
2014-11-14 23:56:29  INFO [ContextLoader.java:325] org.springframework.web.context.ContextLoader.initWebApplicationContext() - Root WebApplicationContext: initialization completed in 267 ms
2014-11-14 23:56:29  INFO [FrameworkServlet.java:484] org.springframework.web.servlet.DispatcherServlet.initServletBean() - FrameworkServlet 'spring-mvc': initialization started
2014-11-14 23:56:29  INFO [AbstractApplicationContext.java:510] org.springframework.web.context.support.XmlWebApplicationContext.prepareRefresh() - Refreshing WebApplicationContext for namespace 'spring-mvc-servlet': startup date [Fri Nov 14 23:56:29 GMT+08:00 2014]; parent: Root WebApplicationContext
2014-11-14 23:56:29  INFO [XmlBeanDefinitionReader.java:317] org.springframework.beans.factory.xml.XmlBeanDefinitionReader.loadBeanDefinitions() - Loading XML bean definitions from URL [file:/D:/javaworkspace/fans/target/classes/spring-mvc.xml]
2014-11-14 23:56:29  INFO [AbstractHandlerMethodMapping.java:220] org.springframework.web.servlet.mvc.method.annotation.RequestMappingHandlerMapping.registerHandlerMethod() - Mapped "{[/test],methods=[],params=[],headers=[],consumes=[],produces=[],custom=[]}" onto public java.lang.String com.hyxt.fans.controller.TestController.test(org.springframework.ui.Model)
2014-11-14 23:56:29  INFO [RequestMappingHandlerAdapter.java:523] org.springframework.web.servlet.mvc.method.annotation.RequestMappingHandlerAdapter.initControllerAdviceCache() - Looking for @ControllerAdvice: WebApplicationContext for namespace 'spring-mvc-servlet': startup date [Fri Nov 14 23:56:29 GMT+08:00 2014]; parent: Root WebApplicationContext
2014-11-14 23:56:29  INFO [RequestMappingHandlerAdapter.java:523] org.springframework.web.servlet.mvc.method.annotation.RequestMappingHandlerAdapter.initControllerAdviceCache() - Looking for @ControllerAdvice: WebApplicationContext for namespace 'spring-mvc-servlet': startup date [Fri Nov 14 23:56:29 GMT+08:00 2014]; parent: Root WebApplicationContext
2014-11-14 23:56:29  INFO [AbstractUrlHandlerMapping.java:314] org.springframework.web.servlet.handler.SimpleUrlHandlerMapping.registerHandler() - Mapped URL path [/statics/**] onto handler 'org.springframework.web.servlet.resource.ResourceHttpRequestHandler#0'
2014-11-14 23:56:29  INFO [AbstractUrlHandlerMapping.java:314] org.springframework.web.servlet.mvc.annotation.DefaultAnnotationHandlerMapping.registerHandler() - Mapped URL path [/test] onto handler 'testController'
2014-11-14 23:56:29  INFO [AbstractUrlHandlerMapping.java:314] org.springframework.web.servlet.mvc.annotation.DefaultAnnotationHandlerMapping.registerHandler() - Mapped URL path [/test.*] onto handler 'testController'
2014-11-14 23:56:29  INFO [AbstractUrlHandlerMapping.java:314] org.springframework.web.servlet.mvc.annotation.DefaultAnnotationHandlerMapping.registerHandler() - Mapped URL path [/test/] onto handler 'testController'
2014-11-14 23:56:30  INFO [FrameworkServlet.java:503] org.springframework.web.servlet.DispatcherServlet.initServletBean() - FrameworkServlet 'spring-mvc': initialization completed in 746 ms
2014-11-14 23:57:30  INFO [ContextLoader.java:285] org.springframework.web.context.ContextLoader.initWebApplicationContext() - Root WebApplicationContext: initialization started
2014-11-14 23:57:30  INFO [AbstractApplicationContext.java:510] org.springframework.web.context.support.XmlWebApplicationContext.prepareRefresh() - Refreshing Root WebApplicationContext: startup date [Fri Nov 14 23:57:30 GMT+08:00 2014]; root of context hierarchy
2014-11-14 23:57:30  INFO [XmlBeanDefinitionReader.java:317] org.springframework.beans.factory.xml.XmlBeanDefinitionReader.loadBeanDefinitions() - Loading XML bean definitions from class path resource [applicationContext.xml]
2014-11-14 23:57:30  INFO [ContextLoader.java:325] org.springframework.web.context.ContextLoader.initWebApplicationContext() - Root WebApplicationContext: initialization completed in 283 ms
2014-11-14 23:57:30  INFO [FrameworkServlet.java:484] org.springframework.web.servlet.DispatcherServlet.initServletBean() - FrameworkServlet 'spring-mvc': initialization started
2014-11-14 23:57:30  INFO [AbstractApplicationContext.java:510] org.springframework.web.context.support.XmlWebApplicationContext.prepareRefresh() - Refreshing WebApplicationContext for namespace 'spring-mvc-servlet': startup date [Fri Nov 14 23:57:30 GMT+08:00 2014]; parent: Root WebApplicationContext
2014-11-14 23:57:30  INFO [XmlBeanDefinitionReader.java:317] org.springframework.beans.factory.xml.XmlBeanDefinitionReader.loadBeanDefinitions() - Loading XML bean definitions from URL [file:/D:/javaworkspace/fans/target/classes/spring-mvc.xml]
2014-11-14 23:57:31  INFO [AbstractHandlerMethodMapping.java:220] org.springframework.web.servlet.mvc.method.annotation.RequestMappingHandlerMapping.registerHandlerMethod() - Mapped "{[/test],methods=[],params=[],headers=[],consumes=[],produces=[],custom=[]}" onto public java.lang.String com.hyxt.fans.controller.TestController.test(org.springframework.ui.Model)
2014-11-14 23:57:31  INFO [RequestMappingHandlerAdapter.java:523] org.springframework.web.servlet.mvc.method.annotation.RequestMappingHandlerAdapter.initControllerAdviceCache() - Looking for @ControllerAdvice: WebApplicationContext for namespace 'spring-mvc-servlet': startup date [Fri Nov 14 23:57:30 GMT+08:00 2014]; parent: Root WebApplicationContext
2014-11-14 23:57:31  INFO [RequestMappingHandlerAdapter.java:523] org.springframework.web.servlet.mvc.method.annotation.RequestMappingHandlerAdapter.initControllerAdviceCache() - Looking for @ControllerAdvice: WebApplicationContext for namespace 'spring-mvc-servlet': startup date [Fri Nov 14 23:57:30 GMT+08:00 2014]; parent: Root WebApplicationContext
2014-11-14 23:57:31  INFO [AbstractUrlHandlerMapping.java:314] org.springframework.web.servlet.handler.SimpleUrlHandlerMapping.registerHandler() - Mapped URL path [/statics/**] onto handler 'org.springframework.web.servlet.resource.ResourceHttpRequestHandler#0'
2014-11-14 23:57:31  INFO [AbstractUrlHandlerMapping.java:314] org.springframework.web.servlet.mvc.annotation.DefaultAnnotationHandlerMapping.registerHandler() - Mapped URL path [/test] onto handler 'testController'
2014-11-14 23:57:31  INFO [AbstractUrlHandlerMapping.java:314] org.springframework.web.servlet.mvc.annotation.DefaultAnnotationHandlerMapping.registerHandler() - Mapped URL path [/test.*] onto handler 'testController'
2014-11-14 23:57:31  INFO [AbstractUrlHandlerMapping.java:314] org.springframework.web.servlet.mvc.annotation.DefaultAnnotationHandlerMapping.registerHandler() - Mapped URL path [/test/] onto handler 'testController'
2014-11-14 23:57:31  INFO [FrameworkServlet.java:503] org.springframework.web.servlet.DispatcherServlet.initServletBean() - FrameworkServlet 'spring-mvc': initialization completed in 737 ms
2014-11-14 23:58:04  INFO [ContextLoader.java:285] org.springframework.web.context.ContextLoader.initWebApplicationContext() - Root WebApplicationContext: initialization started
2014-11-14 23:58:04  INFO [AbstractApplicationContext.java:510] org.springframework.web.context.support.XmlWebApplicationContext.prepareRefresh() - Refreshing Root WebApplicationContext: startup date [Fri Nov 14 23:58:04 GMT+08:00 2014]; root of context hierarchy
2014-11-14 23:58:04  INFO [XmlBeanDefinitionReader.java:317] org.springframework.beans.factory.xml.XmlBeanDefinitionReader.loadBeanDefinitions() - Loading XML bean definitions from class path resource [applicationContext.xml]
2014-11-14 23:58:04  INFO [ContextLoader.java:325] org.springframework.web.context.ContextLoader.initWebApplicationContext() - Root WebApplicationContext: initialization completed in 266 ms
2014-11-14 23:58:04  INFO [FrameworkServlet.java:484] org.springframework.web.servlet.DispatcherServlet.initServletBean() - FrameworkServlet 'spring-mvc': initialization started
2014-11-14 23:58:04  INFO [AbstractApplicationContext.java:510] org.springframework.web.context.support.XmlWebApplicationContext.prepareRefresh() - Refreshing WebApplicationContext for namespace 'spring-mvc-servlet': startup date [Fri Nov 14 23:58:04 GMT+08:00 2014]; parent: Root WebApplicationContext
2014-11-14 23:58:04  INFO [XmlBeanDefinitionReader.java:317] org.springframework.beans.factory.xml.XmlBeanDefinitionReader.loadBeanDefinitions() - Loading XML bean definitions from URL [file:/D:/javaworkspace/fans/target/classes/spring-mvc.xml]
2014-11-14 23:58:05  INFO [AbstractHandlerMethodMapping.java:220] org.springframework.web.servlet.mvc.method.annotation.RequestMappingHandlerMapping.registerHandlerMethod() - Mapped "{[/test],methods=[],params=[],headers=[],consumes=[],produces=[],custom=[]}" onto public java.lang.String com.hyxt.fans.controller.TestController.test(org.springframework.ui.Model)
2014-11-14 23:58:05  INFO [RequestMappingHandlerAdapter.java:523] org.springframework.web.servlet.mvc.method.annotation.RequestMappingHandlerAdapter.initControllerAdviceCache() - Looking for @ControllerAdvice: WebApplicationContext for namespace 'spring-mvc-servlet': startup date [Fri Nov 14 23:58:04 GMT+08:00 2014]; parent: Root WebApplicationContext
2014-11-14 23:58:05  INFO [RequestMappingHandlerAdapter.java:523] org.springframework.web.servlet.mvc.method.annotation.RequestMappingHandlerAdapter.initControllerAdviceCache() - Looking for @ControllerAdvice: WebApplicationContext for namespace 'spring-mvc-servlet': startup date [Fri Nov 14 23:58:04 GMT+08:00 2014]; parent: Root WebApplicationContext
2014-11-14 23:58:05  INFO [AbstractUrlHandlerMapping.java:314] org.springframework.web.servlet.handler.SimpleUrlHandlerMapping.registerHandler() - Mapped URL path [/statics/**] onto handler 'org.springframework.web.servlet.resource.ResourceHttpRequestHandler#0'
2014-11-14 23:58:05  INFO [AbstractUrlHandlerMapping.java:314] org.springframework.web.servlet.mvc.annotation.DefaultAnnotationHandlerMapping.registerHandler() - Mapped URL path [/test] onto handler 'testController'
2014-11-14 23:58:05  INFO [AbstractUrlHandlerMapping.java:314] org.springframework.web.servlet.mvc.annotation.DefaultAnnotationHandlerMapping.registerHandler() - Mapped URL path [/test.*] onto handler 'testController'
2014-11-14 23:58:05  INFO [AbstractUrlHandlerMapping.java:314] org.springframework.web.servlet.mvc.annotation.DefaultAnnotationHandlerMapping.registerHandler() - Mapped URL path [/test/] onto handler 'testController'
2014-11-14 23:58:05  INFO [FrameworkServlet.java:503] org.springframework.web.servlet.DispatcherServlet.initServletBean() - FrameworkServlet 'spring-mvc': initialization completed in 765 ms
2014-11-14 23:58:28  INFO [ContextLoader.java:285] org.springframework.web.context.ContextLoader.initWebApplicationContext() - Root WebApplicationContext: initialization started
2014-11-14 23:58:28  INFO [AbstractApplicationContext.java:510] org.springframework.web.context.support.XmlWebApplicationContext.prepareRefresh() - Refreshing Root WebApplicationContext: startup date [Fri Nov 14 23:58:28 GMT+08:00 2014]; root of context hierarchy
2014-11-14 23:58:28  INFO [XmlBeanDefinitionReader.java:317] org.springframework.beans.factory.xml.XmlBeanDefinitionReader.loadBeanDefinitions() - Loading XML bean definitions from class path resource [applicationContext.xml]
2014-11-14 23:58:28  INFO [ContextLoader.java:325] org.springframework.web.context.ContextLoader.initWebApplicationContext() - Root WebApplicationContext: initialization completed in 273 ms
2014-11-14 23:58:28  INFO [FrameworkServlet.java:484] org.springframework.web.servlet.DispatcherServlet.initServletBean() - FrameworkServlet 'spring-mvc': initialization started
2014-11-14 23:58:28  INFO [AbstractApplicationContext.java:510] org.springframework.web.context.support.XmlWebApplicationContext.prepareRefresh() - Refreshing WebApplicationContext for namespace 'spring-mvc-servlet': startup date [Fri Nov 14 23:58:28 GMT+08:00 2014]; parent: Root WebApplicationContext
2014-11-14 23:58:28  INFO [XmlBeanDefinitionReader.java:317] org.springframework.beans.factory.xml.XmlBeanDefinitionReader.loadBeanDefinitions() - Loading XML bean definitions from URL [file:/D:/javaworkspace/fans/target/classes/spring-mvc.xml]
2014-11-14 23:58:28  INFO [AbstractHandlerMethodMapping.java:220] org.springframework.web.servlet.mvc.method.annotation.RequestMappingHandlerMapping.registerHandlerMethod() - Mapped "{[/test],methods=[],params=[],headers=[],consumes=[],produces=[],custom=[]}" onto public java.lang.String com.hyxt.fans.controller.TestController.test(org.springframework.ui.Model)
2014-11-14 23:58:28  INFO [RequestMappingHandlerAdapter.java:523] org.springframework.web.servlet.mvc.method.annotation.RequestMappingHandlerAdapter.initControllerAdviceCache() - Looking for @ControllerAdvice: WebApplicationContext for namespace 'spring-mvc-servlet': startup date [Fri Nov 14 23:58:28 GMT+08:00 2014]; parent: Root WebApplicationContext
2014-11-14 23:58:28  INFO [RequestMappingHandlerAdapter.java:523] org.springframework.web.servlet.mvc.method.annotation.RequestMappingHandlerAdapter.initControllerAdviceCache() - Looking for @ControllerAdvice: WebApplicationContext for namespace 'spring-mvc-servlet': startup date [Fri Nov 14 23:58:28 GMT+08:00 2014]; parent: Root WebApplicationContext
2014-11-14 23:58:29  INFO [AbstractUrlHandlerMapping.java:314] org.springframework.web.servlet.handler.SimpleUrlHandlerMapping.registerHandler() - Mapped URL path [/statics/**] onto handler 'org.springframework.web.servlet.resource.ResourceHttpRequestHandler#0'
2014-11-14 23:58:29  INFO [AbstractUrlHandlerMapping.java:314] org.springframework.web.servlet.mvc.annotation.DefaultAnnotationHandlerMapping.registerHandler() - Mapped URL path [/test] onto handler 'testController'
2014-11-14 23:58:29  INFO [AbstractUrlHandlerMapping.java:314] org.springframework.web.servlet.mvc.annotation.DefaultAnnotationHandlerMapping.registerHandler() - Mapped URL path [/test.*] onto handler 'testController'
2014-11-14 23:58:29  INFO [AbstractUrlHandlerMapping.java:314] org.springframework.web.servlet.mvc.annotation.DefaultAnnotationHandlerMapping.registerHandler() - Mapped URL path [/test/] onto handler 'testController'
2014-11-14 23:58:29  INFO [FrameworkServlet.java:503] org.springframework.web.servlet.DispatcherServlet.initServletBean() - FrameworkServlet 'spring-mvc': initialization completed in 736 ms
2014-11-14 23:59:12  INFO [ContextLoader.java:285] org.springframework.web.context.ContextLoader.initWebApplicationContext() - Root WebApplicationContext: initialization started
2014-11-14 23:59:12  INFO [AbstractApplicationContext.java:510] org.springframework.web.context.support.XmlWebApplicationContext.prepareRefresh() - Refreshing Root WebApplicationContext: startup date [Fri Nov 14 23:59:12 GMT+08:00 2014]; root of context hierarchy
2014-11-14 23:59:12  INFO [XmlBeanDefinitionReader.java:317] org.springframework.beans.factory.xml.XmlBeanDefinitionReader.loadBeanDefinitions() - Loading XML bean definitions from class path resource [applicationContext.xml]
2014-11-14 23:59:12  INFO [ContextLoader.java:325] org.springframework.web.context.ContextLoader.initWebApplicationContext() - Root WebApplicationContext: initialization completed in 280 ms
2014-11-14 23:59:13  INFO [FrameworkServlet.java:484] org.springframework.web.servlet.DispatcherServlet.initServletBean() - FrameworkServlet 'spring-mvc': initialization started
2014-11-14 23:59:13  INFO [AbstractApplicationContext.java:510] org.springframework.web.context.support.XmlWebApplicationContext.prepareRefresh() - Refreshing WebApplicationContext for namespace 'spring-mvc-servlet': startup date [Fri Nov 14 23:59:13 GMT+08:00 2014]; parent: Root WebApplicationContext
2014-11-14 23:59:13  INFO [XmlBeanDefinitionReader.java:317] org.springframework.beans.factory.xml.XmlBeanDefinitionReader.loadBeanDefinitions() - Loading XML bean definitions from URL [file:/D:/javaworkspace/fans/target/classes/spring-mvc.xml]
2014-11-14 23:59:13  INFO [AbstractHandlerMethodMapping.java:220] org.springframework.web.servlet.mvc.method.annotation.RequestMappingHandlerMapping.registerHandlerMethod() - Mapped "{[/test],methods=[],params=[],headers=[],consumes=[],produces=[],custom=[]}" onto public java.lang.String com.hyxt.fans.controller.TestController.test(org.springframework.ui.Model)
2014-11-14 23:59:13  INFO [RequestMappingHandlerAdapter.java:523] org.springframework.web.servlet.mvc.method.annotation.RequestMappingHandlerAdapter.initControllerAdviceCache() - Looking for @ControllerAdvice: WebApplicationContext for namespace 'spring-mvc-servlet': startup date [Fri Nov 14 23:59:13 GMT+08:00 2014]; parent: Root WebApplicationContext
2014-11-14 23:59:13  INFO [RequestMappingHandlerAdapter.java:523] org.springframework.web.servlet.mvc.method.annotation.RequestMappingHandlerAdapter.initControllerAdviceCache() - Looking for @ControllerAdvice: WebApplicationContext for namespace 'spring-mvc-servlet': startup date [Fri Nov 14 23:59:13 GMT+08:00 2014]; parent: Root WebApplicationContext
2014-11-14 23:59:13  INFO [AbstractUrlHandlerMapping.java:314] org.springframework.web.servlet.handler.SimpleUrlHandlerMapping.registerHandler() - Mapped URL path [/statics/**] onto handler 'org.springframework.web.servlet.resource.ResourceHttpRequestHandler#0'
2014-11-14 23:59:13  INFO [AbstractUrlHandlerMapping.java:314] org.springframework.web.servlet.mvc.annotation.DefaultAnnotationHandlerMapping.registerHandler() - Mapped URL path [/test] onto handler 'testController'
2014-11-14 23:59:13  INFO [AbstractUrlHandlerMapping.java:314] org.springframework.web.servlet.mvc.annotation.DefaultAnnotationHandlerMapping.registerHandler() - Mapped URL path [/test.*] onto handler 'testController'
2014-11-14 23:59:13  INFO [AbstractUrlHandlerMapping.java:314] org.springframework.web.servlet.mvc.annotation.DefaultAnnotationHandlerMapping.registerHandler() - Mapped URL path [/test/] onto handler 'testController'
2014-11-14 23:59:13  INFO [FrameworkServlet.java:503] org.springframework.web.servlet.DispatcherServlet.initServletBean() - FrameworkServlet 'spring-mvc': initialization completed in 747 ms
2014-11-14 23:59:41  INFO [ContextLoader.java:285] org.springframework.web.context.ContextLoader.initWebApplicationContext() - Root WebApplicationContext: initialization started
2014-11-14 23:59:41  INFO [AbstractApplicationContext.java:510] org.springframework.web.context.support.XmlWebApplicationContext.prepareRefresh() - Refreshing Root WebApplicationContext: startup date [Fri Nov 14 23:59:41 GMT+08:00 2014]; root of context hierarchy
2014-11-14 23:59:41  INFO [XmlBeanDefinitionReader.java:317] org.springframework.beans.factory.xml.XmlBeanDefinitionReader.loadBeanDefinitions() - Loading XML bean definitions from class path resource [applicationContext.xml]
2014-11-14 23:59:41  INFO [ContextLoader.java:325] org.springframework.web.context.ContextLoader.initWebApplicationContext() - Root WebApplicationContext: initialization completed in 309 ms
2014-11-14 23:59:41  INFO [FrameworkServlet.java:484] org.springframework.web.servlet.DispatcherServlet.initServletBean() - FrameworkServlet 'spring-mvc': initialization started
2014-11-14 23:59:41  INFO [AbstractApplicationContext.java:510] org.springframework.web.context.support.XmlWebApplicationContext.prepareRefresh() - Refreshing WebApplicationContext for namespace 'spring-mvc-servlet': startup date [Fri Nov 14 23:59:41 GMT+08:00 2014]; parent: Root WebApplicationContext
2014-11-14 23:59:41  INFO [XmlBeanDefinitionReader.java:317] org.springframework.beans.factory.xml.XmlBeanDefinitionReader.loadBeanDefinitions() - Loading XML bean definitions from URL [file:/D:/javaworkspace/fans/target/classes/spring-mvc.xml]
2014-11-14 23:59:42  INFO [AbstractHandlerMethodMapping.java:220] org.springframework.web.servlet.mvc.method.annotation.RequestMappingHandlerMapping.registerHandlerMethod() - Mapped "{[/test],methods=[],params=[],headers=[],consumes=[],produces=[],custom=[]}" onto public java.lang.String com.hyxt.fans.controller.TestController.test(org.springframework.ui.Model)
2014-11-14 23:59:42  INFO [RequestMappingHandlerAdapter.java:523] org.springframework.web.servlet.mvc.method.annotation.RequestMappingHandlerAdapter.initControllerAdviceCache() - Looking for @ControllerAdvice: WebApplicationContext for namespace 'spring-mvc-servlet': startup date [Fri Nov 14 23:59:41 GMT+08:00 2014]; parent: Root WebApplicationContext
2014-11-14 23:59:42  INFO [RequestMappingHandlerAdapter.java:523] org.springframework.web.servlet.mvc.method.annotation.RequestMappingHandlerAdapter.initControllerAdviceCache() - Looking for @ControllerAdvice: WebApplicationContext for namespace 'spring-mvc-servlet': startup date [Fri Nov 14 23:59:41 GMT+08:00 2014]; parent: Root WebApplicationContext
2014-11-14 23:59:42  INFO [AbstractUrlHandlerMapping.java:314] org.springframework.web.servlet.handler.SimpleUrlHandlerMapping.registerHandler() - Mapped URL path [/statics/**] onto handler 'org.springframework.web.servlet.resource.ResourceHttpRequestHandler#0'
2014-11-14 23:59:42  INFO [AbstractUrlHandlerMapping.java:314] org.springframework.web.servlet.mvc.annotation.DefaultAnnotationHandlerMapping.registerHandler() - Mapped URL path [/test] onto handler 'testController'
2014-11-14 23:59:42  INFO [AbstractUrlHandlerMapping.java:314] org.springframework.web.servlet.mvc.annotation.DefaultAnnotationHandlerMapping.registerHandler() - Mapped URL path [/test.*] onto handler 'testController'
2014-11-14 23:59:42  INFO [AbstractUrlHandlerMapping.java:314] org.springframework.web.servlet.mvc.annotation.DefaultAnnotationHandlerMapping.registerHandler() - Mapped URL path [/test/] onto handler 'testController'
2014-11-14 23:59:42  INFO [FrameworkServlet.java:503] org.springframework.web.servlet.DispatcherServlet.initServletBean() - FrameworkServlet 'spring-mvc': initialization completed in 873 ms
